<?xml version="1.0" encoding="UTF-8"?>
<!-- Generated by org.testng.reporters.JUnitReportReporter -->
<testsuite hostname="DESKTOP-K4U13B2" failures="0" tests="4" name="testNg.DataProviderTestClass" time="23.949" errors="0" timestamp="2023-08-03T15:15:12 IST" skipped="0">
  <testcase classname="testNg.DataProviderTestClass" name="verifyUnsuccessfulLogin" time="4.819"/>
  <system-out/>
  <testcase classname="testNg.DataProviderTestClass" name="verifySuccessfulLogin" time="6.699"/>
  <system-out/>
  <testcase classname="testNg.DataProviderTestClass" name="verifyUnsuccessfulLogin" time="6.229"/>
  <system-out/>
  <testcase classname="testNg.DataProviderTestClass" name="verifyUnsuccessfulLogin" time="6.202"/>
  <system-out/>
</testsuite> <!-- testNg.DataProviderTestClass -->
