<?xml version="1.0" encoding="UTF-8"?>
<!-- Generated by org.testng.reporters.JUnitReportReporter -->
<testsuite hostname="DESKTOP-K4U13B2" failures="0" tests="1" name="testNgAssignment.TestNGAssignment1" time="16.581" errors="0" timestamp="2023-08-08T21:15:41 IST" skipped="0">
  <testcase classname="testNgAssignment.TestNGAssignment1" name="verifyAllStoresAreDisplayedInHomePageOrNot" time="16.581"/>
  <system-out/>
</testsuite> <!-- testNgAssignment.TestNGAssignment1 -->
