<?xml version="1.0" encoding="UTF-8"?>
<!-- Generated by org.testng.reporters.JUnitReportReporter -->
<testsuite hostname="DESKTOP-K4U13B2" failures="0" tests="1" name="testNg.AnnotationHierarchy" time="0.002" errors="0" timestamp="2023-08-03T15:15:12 IST" skipped="0">
  <testcase classname="testNg.AnnotationHierarchy" name="f" time="0.002"/>
  <system-out/>
</testsuite> <!-- testNg.AnnotationHierarchy -->
